<?xml version="1.0" encoding="UTF-8"?>
<!-- Generated by org.testng.reporters.JUnitReportReporter -->
<testsuite hostname="DESKTOP-6RCPDA2" failures="0" tests="2" name="com.hospitality.testcases.LoginTest" time="5.477" errors="0" timestamp="2020-05-25T21:44:55 IST" skipped="0">
  <testcase classname="com.hospitality.testcases.LoginTest" name="loginToClearTrip" time="4.790"/>
  <system-out>
login is successful  </system-out>
  <testcase classname="com.hospitality.testcases.LoginTest" name="loginApp1" time="0.687"/>
  <system-out/>
</testsuite> <!-- com.hospitality.testcases.LoginTest -->
