<?xml version="1.0" encoding="UTF-8"?>
<!-- Generated by org.testng.reporters.JUnitReportReporter -->
<testsuite hostname="DESKTOP-6RCPDA2" failures="0" tests="2" name="com.hospitality.testcases.LoginTest" time="7.931" errors="0" timestamp="2020-05-26T10:31:51 IST" skipped="0">
  <testcase classname="com.hospitality.testcases.LoginTest" name="loginToClearTrip" time="3.880"/>
  <system-out>
login is successful  </system-out>
  <testcase classname="com.hospitality.testcases.LoginTest" name="loginApp1" time="4.051"/>
  <system-out/>
</testsuite> <!-- com.hospitality.testcases.LoginTest -->
