<?xml version="1.0" encoding="UTF-8"?>
<!-- Generated by org.testng.reporters.JUnitReportReporter -->
<testsuite hostname="DESKTOP-6RCPDA2" failures="0" tests="1" name="com.hospitality.testcases.SearchFlightTest" time="15.008" errors="0" timestamp="2020-05-25T22:04:04 IST" skipped="0">
  <testcase classname="com.hospitality.testcases.SearchFlightTest" name="flightSearching" time="15.008"/>
  <system-out>
one way flight search test case is started one way flight search test case is completed  </system-out>
</testsuite> <!-- com.hospitality.testcases.SearchFlightTest -->
